[13:37:01] [Server thread/INFO]: Starting minecraft server version 1.11.2
[13:37:03] [Server thread/INFO]: Loading properties
[13:37:03] [Server thread/INFO]: Default game type: SURVIVAL
[13:37:03] [Server thread/INFO]: Generating keypair
[13:37:03] [Server thread/INFO]: Starting Minecraft server on *:25565
[13:37:03] [Server thread/INFO]: Using default channel type
[13:37:04] [Server thread/WARN]: **** SERVER IS RUNNING IN OFFLINE/INSECURE MODE!
[13:37:04] [Server thread/WARN]: The server will make no attempt to authenticate usernames. Beware.
[13:37:04] [Server thread/WARN]: While this makes the game possible to play without internet access, it also opens up the ability for hackers to connect with any username they choose.
[13:37:04] [Server thread/WARN]: To change this, set "online-mode" to "true" in the server.properties file.
[13:37:04] [Server thread/INFO]: Preparing level "world"
[13:37:04] [Server thread/INFO]: Preparing start region for level 0
[13:37:05] [Server thread/WARN]: Keeping entity minecraft:villager that already exists with UUID 09ddfd75-ecc1-453b-80e5-c01dd3f0bd62
[13:37:05] [Server thread/INFO]: Preparing spawn area: 46%
[13:37:05] [Server thread/WARN]: Keeping entity minecraft:horse that already exists with UUID d639cfa7-641f-4170-955c-581ee2ce571c
[13:37:05] [Server thread/WARN]: Keeping entity minecraft:horse that already exists with UUID 9080434e-e018-4457-a760-6b5bf08f4d14
[13:37:06] [Server thread/INFO]: Done (2.001s)! For help, type "help" or "?"
[13:37:09] [Server thread/INFO]: Unknown command. Try /help for a list of commands
[13:37:13] [Server thread/INFO]: Stopping the server
[13:37:13] [Server thread/INFO]: Stopping server
[13:37:13] [Server thread/INFO]: Saving players
[13:37:13] [Server thread/INFO]: Saving worlds
[13:37:13] [Server thread/INFO]: Saving chunks for level 'world'/Overworld
[13:37:13] [Server thread/INFO]: Saving chunks for level 'world'/Nether
[13:37:13] [Server thread/INFO]: Saving chunks for level 'world'/The End
